<?xml version="1.0" encoding="UTF-8"?>
<!-- Generated by org.testng.reporters.JUnitXMLReporter -->
<testsuite hostname="DESKTOP-BTIPOCU" name="Test" tests="10" failures="0" timestamp="9 Oct 2018 14:11:50 GMT" time="93.098" errors="0">
  <testcase name="TCGoogle_Smoke_001" time="2.836" classname="com.sylviayu.testcases.TCGoogle"/>
  <testcase name="TCGoogle_Smoke_002" time="2.471" classname="com.sylviayu.testcases.TCGoogle"/>
  <testcase name="TCGoogle_Smoke_003" time="4.551" classname="com.sylviayu.testcases.TCGoogle"/>
  <testcase name="TCGoogle_Smoke_004" time="3.357" classname="com.sylviayu.testcases.TCGoogle"/>
  <testcase name="TCGoogle_Smoke_005" time="1.355" classname="com.sylviayu.testcases.TCGoogle"/>
  <testcase name="TCGoogle_Smoke_006" time="2.634" classname="com.sylviayu.testcases.TCGoogle"/>
  <testcase name="TCGoogle_Smoke_007" time="2.361" classname="com.sylviayu.testcases.TCGoogle"/>
  <testcase name="TCGoogle_Smoke_008" time="4.756" classname="com.sylviayu.testcases.TCGoogle"/>
  <testcase name="TCGoogle_Smoke_009" time="1.829" classname="com.sylviayu.testcases.TCGoogle"/>
  <testcase name="TCGoogle_Smoke_010" time="1.386" classname="com.sylviayu.testcases.TCGoogle"/>
</testsuite> <!-- Test -->
