<?xml version="1.0" encoding="UTF-8"?>
<testng-results skipped="0" failed="0" total="10" passed="10">
  <reporter-output>
  </reporter-output>
  <suite name="test suite" duration-ms="93098" started-at="2018-10-09T14:10:17Z" finished-at="2018-10-09T14:11:50Z">
    <groups>
      <group name="Google Page">
        <method signature="TCGoogle.TCGoogle_Smoke_001()[pri:0, instance:com.sylviayu.testcases.TCGoogle@1213b92]" name="TCGoogle_Smoke_001" class="com.sylviayu.testcases.TCGoogle"/>
        <method signature="TCGoogle.TCGoogle_Smoke_002()[pri:0, instance:com.sylviayu.testcases.TCGoogle@1213b92]" name="TCGoogle_Smoke_002" class="com.sylviayu.testcases.TCGoogle"/>
        <method signature="TCGoogle.TCGoogle_Smoke_003()[pri:0, instance:com.sylviayu.testcases.TCGoogle@1213b92]" name="TCGoogle_Smoke_003" class="com.sylviayu.testcases.TCGoogle"/>
        <method signature="TCGoogle.TCGoogle_Smoke_004()[pri:0, instance:com.sylviayu.testcases.TCGoogle@1213b92]" name="TCGoogle_Smoke_004" class="com.sylviayu.testcases.TCGoogle"/>
        <method signature="TCGoogle.TCGoogle_Smoke_005()[pri:0, instance:com.sylviayu.testcases.TCGoogle@1213b92]" name="TCGoogle_Smoke_005" class="com.sylviayu.testcases.TCGoogle"/>
        <method signature="TCGoogle.TCGoogle_Smoke_006()[pri:0, instance:com.sylviayu.testcases.TCGoogle@1213b92]" name="TCGoogle_Smoke_006" class="com.sylviayu.testcases.TCGoogle"/>
        <method signature="TCGoogle.TCGoogle_Smoke_007()[pri:0, instance:com.sylviayu.testcases.TCGoogle@1213b92]" name="TCGoogle_Smoke_007" class="com.sylviayu.testcases.TCGoogle"/>
        <method signature="TCGoogle.TCGoogle_Smoke_008()[pri:0, instance:com.sylviayu.testcases.TCGoogle@1213b92]" name="TCGoogle_Smoke_008" class="com.sylviayu.testcases.TCGoogle"/>
        <method signature="TCGoogle.TCGoogle_Smoke_009()[pri:0, instance:com.sylviayu.testcases.TCGoogle@1213b92]" name="TCGoogle_Smoke_009" class="com.sylviayu.testcases.TCGoogle"/>
        <method signature="TCGoogle.TCGoogle_Smoke_010()[pri:0, instance:com.sylviayu.testcases.TCGoogle@1213b92]" name="TCGoogle_Smoke_010" class="com.sylviayu.testcases.TCGoogle"/>
      </group> <!-- Google Page -->
      <group name="Regression">
        <method signature="TCGoogle.TCGoogle_Smoke_001()[pri:0, instance:com.sylviayu.testcases.TCGoogle@1213b92]" name="TCGoogle_Smoke_001" class="com.sylviayu.testcases.TCGoogle"/>
        <method signature="TCGoogle.TCGoogle_Smoke_002()[pri:0, instance:com.sylviayu.testcases.TCGoogle@1213b92]" name="TCGoogle_Smoke_002" class="com.sylviayu.testcases.TCGoogle"/>
        <method signature="TCGoogle.TCGoogle_Smoke_003()[pri:0, instance:com.sylviayu.testcases.TCGoogle@1213b92]" name="TCGoogle_Smoke_003" class="com.sylviayu.testcases.TCGoogle"/>
        <method signature="TCGoogle.TCGoogle_Smoke_004()[pri:0, instance:com.sylviayu.testcases.TCGoogle@1213b92]" name="TCGoogle_Smoke_004" class="com.sylviayu.testcases.TCGoogle"/>
        <method signature="TCGoogle.TCGoogle_Smoke_005()[pri:0, instance:com.sylviayu.testcases.TCGoogle@1213b92]" name="TCGoogle_Smoke_005" class="com.sylviayu.testcases.TCGoogle"/>
        <method signature="TCGoogle.TCGoogle_Smoke_006()[pri:0, instance:com.sylviayu.testcases.TCGoogle@1213b92]" name="TCGoogle_Smoke_006" class="com.sylviayu.testcases.TCGoogle"/>
        <method signature="TCGoogle.TCGoogle_Smoke_007()[pri:0, instance:com.sylviayu.testcases.TCGoogle@1213b92]" name="TCGoogle_Smoke_007" class="com.sylviayu.testcases.TCGoogle"/>
        <method signature="TCGoogle.TCGoogle_Smoke_008()[pri:0, instance:com.sylviayu.testcases.TCGoogle@1213b92]" name="TCGoogle_Smoke_008" class="com.sylviayu.testcases.TCGoogle"/>
        <method signature="TCGoogle.TCGoogle_Smoke_009()[pri:0, instance:com.sylviayu.testcases.TCGoogle@1213b92]" name="TCGoogle_Smoke_009" class="com.sylviayu.testcases.TCGoogle"/>
        <method signature="TCGoogle.TCGoogle_Smoke_010()[pri:0, instance:com.sylviayu.testcases.TCGoogle@1213b92]" name="TCGoogle_Smoke_010" class="com.sylviayu.testcases.TCGoogle"/>
      </group> <!-- Regression -->
      <group name="Smoke">
        <method signature="TCGoogle.TCGoogle_Smoke_001()[pri:0, instance:com.sylviayu.testcases.TCGoogle@1213b92]" name="TCGoogle_Smoke_001" class="com.sylviayu.testcases.TCGoogle"/>
        <method signature="TCGoogle.TCGoogle_Smoke_002()[pri:0, instance:com.sylviayu.testcases.TCGoogle@1213b92]" name="TCGoogle_Smoke_002" class="com.sylviayu.testcases.TCGoogle"/>
        <method signature="TCGoogle.TCGoogle_Smoke_003()[pri:0, instance:com.sylviayu.testcases.TCGoogle@1213b92]" name="TCGoogle_Smoke_003" class="com.sylviayu.testcases.TCGoogle"/>
        <method signature="TCGoogle.TCGoogle_Smoke_004()[pri:0, instance:com.sylviayu.testcases.TCGoogle@1213b92]" name="TCGoogle_Smoke_004" class="com.sylviayu.testcases.TCGoogle"/>
        <method signature="TCGoogle.TCGoogle_Smoke_005()[pri:0, instance:com.sylviayu.testcases.TCGoogle@1213b92]" name="TCGoogle_Smoke_005" class="com.sylviayu.testcases.TCGoogle"/>
        <method signature="TCGoogle.TCGoogle_Smoke_006()[pri:0, instance:com.sylviayu.testcases.TCGoogle@1213b92]" name="TCGoogle_Smoke_006" class="com.sylviayu.testcases.TCGoogle"/>
        <method signature="TCGoogle.TCGoogle_Smoke_007()[pri:0, instance:com.sylviayu.testcases.TCGoogle@1213b92]" name="TCGoogle_Smoke_007" class="com.sylviayu.testcases.TCGoogle"/>
        <method signature="TCGoogle.TCGoogle_Smoke_008()[pri:0, instance:com.sylviayu.testcases.TCGoogle@1213b92]" name="TCGoogle_Smoke_008" class="com.sylviayu.testcases.TCGoogle"/>
        <method signature="TCGoogle.TCGoogle_Smoke_009()[pri:0, instance:com.sylviayu.testcases.TCGoogle@1213b92]" name="TCGoogle_Smoke_009" class="com.sylviayu.testcases.TCGoogle"/>
        <method signature="TCGoogle.TCGoogle_Smoke_010()[pri:0, instance:com.sylviayu.testcases.TCGoogle@1213b92]" name="TCGoogle_Smoke_010" class="com.sylviayu.testcases.TCGoogle"/>
      </group> <!-- Smoke -->
    </groups>
    <test name="Test" duration-ms="93098" started-at="2018-10-09T14:10:17Z" finished-at="2018-10-09T14:11:50Z">
      <class name="com.sylviayu.testcases.TCGoogle">
        <test-method status="PASS" signature="beforeTest(java.lang.reflect.Method)[pri:0, instance:com.sylviayu.testcases.TCGoogle@1213b92]" name="beforeTest" is-config="true" duration-ms="5751" started-at="2018-10-09T10:10:17Z" description="Getting test Method Name" finished-at="2018-10-09T10:10:22Z">
          <params>
            <param index="0">
              <value>
                <![CDATA[public void com.sylviayu.testcases.TCGoogle.TCGoogle_Smoke_001() throws java.lang.Exception]]>
              </value>
            </param>
          </params>
          <reporter-output>
          </reporter-output>
        </test-method> <!-- beforeTest -->
        <test-method status="PASS" signature="TCGoogle_Smoke_001()[pri:0, instance:com.sylviayu.testcases.TCGoogle@1213b92]" name="TCGoogle_Smoke_001" duration-ms="2836" started-at="2018-10-09T10:10:22Z" description="&lt;br&gt;verify login successfully:&lt;br&gt;" finished-at="2018-10-09T10:10:25Z">
          <reporter-output>
          </reporter-output>
        </test-method> <!-- TCGoogle_Smoke_001 -->
        <test-method status="PASS" signature="afterTest(java.lang.reflect.Method)[pri:0, instance:com.sylviayu.testcases.TCGoogle@1213b92]" name="afterTest" is-config="true" duration-ms="1816" started-at="2018-10-09T10:10:25Z" description="Tear Down method" finished-at="2018-10-09T10:10:27Z">
          <params>
            <param index="0">
              <value>
                <![CDATA[public void com.sylviayu.testcases.TCGoogle.TCGoogle_Smoke_001() throws java.lang.Exception]]>
              </value>
            </param>
          </params>
          <reporter-output>
          </reporter-output>
        </test-method> <!-- afterTest -->
        <test-method status="PASS" signature="beforeTest(java.lang.reflect.Method)[pri:0, instance:com.sylviayu.testcases.TCGoogle@1213b92]" name="beforeTest" is-config="true" duration-ms="4759" started-at="2018-10-09T10:10:27Z" description="Getting test Method Name" finished-at="2018-10-09T10:10:32Z">
          <params>
            <param index="0">
              <value>
                <![CDATA[public void com.sylviayu.testcases.TCGoogle.TCGoogle_Smoke_002() throws java.lang.Exception]]>
              </value>
            </param>
          </params>
          <reporter-output>
          </reporter-output>
        </test-method> <!-- beforeTest -->
        <test-method status="PASS" signature="TCGoogle_Smoke_002()[pri:0, instance:com.sylviayu.testcases.TCGoogle@1213b92]" name="TCGoogle_Smoke_002" duration-ms="2471" started-at="2018-10-09T10:10:32Z" description="&lt;br&gt;verify switch to About page:&lt;br&gt;" finished-at="2018-10-09T10:10:34Z">
          <reporter-output>
          </reporter-output>
        </test-method> <!-- TCGoogle_Smoke_002 -->
        <test-method status="PASS" signature="afterTest(java.lang.reflect.Method)[pri:0, instance:com.sylviayu.testcases.TCGoogle@1213b92]" name="afterTest" is-config="true" duration-ms="1739" started-at="2018-10-09T10:10:34Z" description="Tear Down method" finished-at="2018-10-09T10:10:36Z">
          <params>
            <param index="0">
              <value>
                <![CDATA[public void com.sylviayu.testcases.TCGoogle.TCGoogle_Smoke_002() throws java.lang.Exception]]>
              </value>
            </param>
          </params>
          <reporter-output>
          </reporter-output>
        </test-method> <!-- afterTest -->
        <test-method status="PASS" signature="beforeTest(java.lang.reflect.Method)[pri:0, instance:com.sylviayu.testcases.TCGoogle@1213b92]" name="beforeTest" is-config="true" duration-ms="4776" started-at="2018-10-09T10:10:36Z" description="Getting test Method Name" finished-at="2018-10-09T10:10:41Z">
          <params>
            <param index="0">
              <value>
                <![CDATA[public void com.sylviayu.testcases.TCGoogle.TCGoogle_Smoke_003() throws java.lang.Exception]]>
              </value>
            </param>
          </params>
          <reporter-output>
          </reporter-output>
        </test-method> <!-- beforeTest -->
        <test-method status="PASS" signature="TCGoogle_Smoke_003()[pri:0, instance:com.sylviayu.testcases.TCGoogle@1213b92]" name="TCGoogle_Smoke_003" duration-ms="4551" started-at="2018-10-09T10:10:41Z" description="&lt;br&gt;verify switch to Store page:&lt;br&gt;" finished-at="2018-10-09T10:10:45Z">
          <reporter-output>
          </reporter-output>
        </test-method> <!-- TCGoogle_Smoke_003 -->
        <test-method status="PASS" signature="afterTest(java.lang.reflect.Method)[pri:0, instance:com.sylviayu.testcases.TCGoogle@1213b92]" name="afterTest" is-config="true" duration-ms="1656" started-at="2018-10-09T10:10:45Z" description="Tear Down method" finished-at="2018-10-09T10:10:47Z">
          <params>
            <param index="0">
              <value>
                <![CDATA[public void com.sylviayu.testcases.TCGoogle.TCGoogle_Smoke_003() throws java.lang.Exception]]>
              </value>
            </param>
          </params>
          <reporter-output>
          </reporter-output>
        </test-method> <!-- afterTest -->
        <test-method status="PASS" signature="beforeTest(java.lang.reflect.Method)[pri:0, instance:com.sylviayu.testcases.TCGoogle@1213b92]" name="beforeTest" is-config="true" duration-ms="4733" started-at="2018-10-09T10:10:47Z" description="Getting test Method Name" finished-at="2018-10-09T10:10:52Z">
          <params>
            <param index="0">
              <value>
                <![CDATA[public void com.sylviayu.testcases.TCGoogle.TCGoogle_Smoke_004() throws java.lang.Exception]]>
              </value>
            </param>
          </params>
          <reporter-output>
          </reporter-output>
        </test-method> <!-- beforeTest -->
        <test-method status="PASS" signature="TCGoogle_Smoke_004()[pri:0, instance:com.sylviayu.testcases.TCGoogle@1213b92]" name="TCGoogle_Smoke_004" duration-ms="3357" started-at="2018-10-09T10:10:52Z" description="&lt;br&gt;verify switch to Gmail page:&lt;br&gt;" finished-at="2018-10-09T10:10:55Z">
          <reporter-output>
          </reporter-output>
        </test-method> <!-- TCGoogle_Smoke_004 -->
        <test-method status="PASS" signature="afterTest(java.lang.reflect.Method)[pri:0, instance:com.sylviayu.testcases.TCGoogle@1213b92]" name="afterTest" is-config="true" duration-ms="1753" started-at="2018-10-09T10:10:55Z" description="Tear Down method" finished-at="2018-10-09T10:10:57Z">
          <params>
            <param index="0">
              <value>
                <![CDATA[public void com.sylviayu.testcases.TCGoogle.TCGoogle_Smoke_004() throws java.lang.Exception]]>
              </value>
            </param>
          </params>
          <reporter-output>
          </reporter-output>
        </test-method> <!-- afterTest -->
        <test-method status="PASS" signature="beforeTest(java.lang.reflect.Method)[pri:0, instance:com.sylviayu.testcases.TCGoogle@1213b92]" name="beforeTest" is-config="true" duration-ms="4682" started-at="2018-10-09T10:10:57Z" description="Getting test Method Name" finished-at="2018-10-09T10:11:02Z">
          <params>
            <param index="0">
              <value>
                <![CDATA[public void com.sylviayu.testcases.TCGoogle.TCGoogle_Smoke_005() throws java.lang.Exception]]>
              </value>
            </param>
          </params>
          <reporter-output>
          </reporter-output>
        </test-method> <!-- beforeTest -->
        <test-method status="PASS" signature="TCGoogle_Smoke_005()[pri:0, instance:com.sylviayu.testcases.TCGoogle@1213b92]" name="TCGoogle_Smoke_005" duration-ms="1355" started-at="2018-10-09T10:11:02Z" description="&lt;br&gt;verify switch to Images page:&lt;br&gt;" finished-at="2018-10-09T10:11:03Z">
          <reporter-output>
          </reporter-output>
        </test-method> <!-- TCGoogle_Smoke_005 -->
        <test-method status="PASS" signature="afterTest(java.lang.reflect.Method)[pri:0, instance:com.sylviayu.testcases.TCGoogle@1213b92]" name="afterTest" is-config="true" duration-ms="1668" started-at="2018-10-09T10:11:03Z" description="Tear Down method" finished-at="2018-10-09T10:11:05Z">
          <params>
            <param index="0">
              <value>
                <![CDATA[public void com.sylviayu.testcases.TCGoogle.TCGoogle_Smoke_005() throws java.lang.Exception]]>
              </value>
            </param>
          </params>
          <reporter-output>
          </reporter-output>
        </test-method> <!-- afterTest -->
        <test-method status="PASS" signature="beforeTest(java.lang.reflect.Method)[pri:0, instance:com.sylviayu.testcases.TCGoogle@1213b92]" name="beforeTest" is-config="true" duration-ms="4641" started-at="2018-10-09T10:11:05Z" description="Getting test Method Name" finished-at="2018-10-09T10:11:09Z">
          <params>
            <param index="0">
              <value>
                <![CDATA[public void com.sylviayu.testcases.TCGoogle.TCGoogle_Smoke_006() throws java.lang.Exception]]>
              </value>
            </param>
          </params>
          <reporter-output>
          </reporter-output>
        </test-method> <!-- beforeTest -->
        <test-method status="PASS" signature="TCGoogle_Smoke_006()[pri:0, instance:com.sylviayu.testcases.TCGoogle@1213b92]" name="TCGoogle_Smoke_006" duration-ms="2634" started-at="2018-10-09T10:11:09Z" description="&lt;br&gt;verify switch to Advertising page:&lt;br&gt;" finished-at="2018-10-09T10:11:12Z">
          <reporter-output>
          </reporter-output>
        </test-method> <!-- TCGoogle_Smoke_006 -->
        <test-method status="PASS" signature="afterTest(java.lang.reflect.Method)[pri:0, instance:com.sylviayu.testcases.TCGoogle@1213b92]" name="afterTest" is-config="true" duration-ms="1720" started-at="2018-10-09T10:11:12Z" description="Tear Down method" finished-at="2018-10-09T10:11:14Z">
          <params>
            <param index="0">
              <value>
                <![CDATA[public void com.sylviayu.testcases.TCGoogle.TCGoogle_Smoke_006() throws java.lang.Exception]]>
              </value>
            </param>
          </params>
          <reporter-output>
          </reporter-output>
        </test-method> <!-- afterTest -->
        <test-method status="PASS" signature="beforeTest(java.lang.reflect.Method)[pri:0, instance:com.sylviayu.testcases.TCGoogle@1213b92]" name="beforeTest" is-config="true" duration-ms="4862" started-at="2018-10-09T10:11:14Z" description="Getting test Method Name" finished-at="2018-10-09T10:11:19Z">
          <params>
            <param index="0">
              <value>
                <![CDATA[public void com.sylviayu.testcases.TCGoogle.TCGoogle_Smoke_007() throws java.lang.Exception]]>
              </value>
            </param>
          </params>
          <reporter-output>
          </reporter-output>
        </test-method> <!-- beforeTest -->
        <test-method status="PASS" signature="TCGoogle_Smoke_007()[pri:0, instance:com.sylviayu.testcases.TCGoogle@1213b92]" name="TCGoogle_Smoke_007" duration-ms="2361" started-at="2018-10-09T10:11:19Z" description="&lt;br&gt;verify switch to Business page:&lt;br&gt;" finished-at="2018-10-09T10:11:21Z">
          <reporter-output>
          </reporter-output>
        </test-method> <!-- TCGoogle_Smoke_007 -->
        <test-method status="PASS" signature="afterTest(java.lang.reflect.Method)[pri:0, instance:com.sylviayu.testcases.TCGoogle@1213b92]" name="afterTest" is-config="true" duration-ms="1650" started-at="2018-10-09T10:11:21Z" description="Tear Down method" finished-at="2018-10-09T10:11:23Z">
          <params>
            <param index="0">
              <value>
                <![CDATA[public void com.sylviayu.testcases.TCGoogle.TCGoogle_Smoke_007() throws java.lang.Exception]]>
              </value>
            </param>
          </params>
          <reporter-output>
          </reporter-output>
        </test-method> <!-- afterTest -->
        <test-method status="PASS" signature="beforeTest(java.lang.reflect.Method)[pri:0, instance:com.sylviayu.testcases.TCGoogle@1213b92]" name="beforeTest" is-config="true" duration-ms="4749" started-at="2018-10-09T10:11:23Z" description="Getting test Method Name" finished-at="2018-10-09T10:11:27Z">
          <params>
            <param index="0">
              <value>
                <![CDATA[public void com.sylviayu.testcases.TCGoogle.TCGoogle_Smoke_008() throws java.lang.Exception]]>
              </value>
            </param>
          </params>
          <reporter-output>
          </reporter-output>
        </test-method> <!-- beforeTest -->
        <test-method status="PASS" signature="TCGoogle_Smoke_008()[pri:0, instance:com.sylviayu.testcases.TCGoogle@1213b92]" name="TCGoogle_Smoke_008" duration-ms="4756" started-at="2018-10-09T10:11:27Z" description="&lt;br&gt;verify switch to Privacy page:&lt;br&gt;" finished-at="2018-10-09T10:11:32Z">
          <reporter-output>
          </reporter-output>
        </test-method> <!-- TCGoogle_Smoke_008 -->
        <test-method status="PASS" signature="afterTest(java.lang.reflect.Method)[pri:0, instance:com.sylviayu.testcases.TCGoogle@1213b92]" name="afterTest" is-config="true" duration-ms="1653" started-at="2018-10-09T10:11:32Z" description="Tear Down method" finished-at="2018-10-09T10:11:34Z">
          <params>
            <param index="0">
              <value>
                <![CDATA[public void com.sylviayu.testcases.TCGoogle.TCGoogle_Smoke_008() throws java.lang.Exception]]>
              </value>
            </param>
          </params>
          <reporter-output>
          </reporter-output>
        </test-method> <!-- afterTest -->
        <test-method status="PASS" signature="beforeTest(java.lang.reflect.Method)[pri:0, instance:com.sylviayu.testcases.TCGoogle@1213b92]" name="beforeTest" is-config="true" duration-ms="4723" started-at="2018-10-09T10:11:34Z" description="Getting test Method Name" finished-at="2018-10-09T10:11:38Z">
          <params>
            <param index="0">
              <value>
                <![CDATA[public void com.sylviayu.testcases.TCGoogle.TCGoogle_Smoke_009() throws java.lang.Exception]]>
              </value>
            </param>
          </params>
          <reporter-output>
          </reporter-output>
        </test-method> <!-- beforeTest -->
        <test-method status="PASS" signature="TCGoogle_Smoke_009()[pri:0, instance:com.sylviayu.testcases.TCGoogle@1213b92]" name="TCGoogle_Smoke_009" duration-ms="1829" started-at="2018-10-09T10:11:38Z" description="&lt;br&gt;verify switch to Terms page:&lt;br&gt;" finished-at="2018-10-09T10:11:40Z">
          <reporter-output>
          </reporter-output>
        </test-method> <!-- TCGoogle_Smoke_009 -->
        <test-method status="PASS" signature="afterTest(java.lang.reflect.Method)[pri:0, instance:com.sylviayu.testcases.TCGoogle@1213b92]" name="afterTest" is-config="true" duration-ms="1724" started-at="2018-10-09T10:11:40Z" description="Tear Down method" finished-at="2018-10-09T10:11:42Z">
          <params>
            <param index="0">
              <value>
                <![CDATA[public void com.sylviayu.testcases.TCGoogle.TCGoogle_Smoke_009() throws java.lang.Exception]]>
              </value>
            </param>
          </params>
          <reporter-output>
          </reporter-output>
        </test-method> <!-- afterTest -->
        <test-method status="PASS" signature="beforeTest(java.lang.reflect.Method)[pri:0, instance:com.sylviayu.testcases.TCGoogle@1213b92]" name="beforeTest" is-config="true" duration-ms="4746" started-at="2018-10-09T10:11:42Z" description="Getting test Method Name" finished-at="2018-10-09T10:11:47Z">
          <params>
            <param index="0">
              <value>
                <![CDATA[public void com.sylviayu.testcases.TCGoogle.TCGoogle_Smoke_010() throws java.lang.Exception]]>
              </value>
            </param>
          </params>
          <reporter-output>
          </reporter-output>
        </test-method> <!-- beforeTest -->
        <test-method status="PASS" signature="TCGoogle_Smoke_010()[pri:0, instance:com.sylviayu.testcases.TCGoogle@1213b92]" name="TCGoogle_Smoke_010" duration-ms="1386" started-at="2018-10-09T10:11:47Z" description="&lt;br&gt;verify switch to Settings page:&lt;br&gt;" finished-at="2018-10-09T10:11:48Z">
          <reporter-output>
          </reporter-output>
        </test-method> <!-- TCGoogle_Smoke_010 -->
        <test-method status="PASS" signature="afterTest(java.lang.reflect.Method)[pri:0, instance:com.sylviayu.testcases.TCGoogle@1213b92]" name="afterTest" is-config="true" duration-ms="1703" started-at="2018-10-09T10:11:48Z" description="Tear Down method" finished-at="2018-10-09T10:11:50Z">
          <params>
            <param index="0">
              <value>
                <![CDATA[public void com.sylviayu.testcases.TCGoogle.TCGoogle_Smoke_010() throws java.lang.Exception]]>
              </value>
            </param>
          </params>
          <reporter-output>
          </reporter-output>
        </test-method> <!-- afterTest -->
      </class> <!-- com.sylviayu.testcases.TCGoogle -->
    </test> <!-- Test -->
  </suite> <!-- test suite -->
</testng-results>
