<?xml version="1.0" encoding="UTF-8"?>
<testng-results skipped="0" failed="1" total="1" passed="0">
  <reporter-output>
  </reporter-output>
  <suite name="test suite" duration-ms="11116" started-at="2018-10-05T16:02:59Z" finished-at="2018-10-05T16:03:10Z">
    <groups>
      <group name="Google Page">
        <method signature="TCGoogle.TCGoogle_Smoke_001()[pri:0, instance:com.sylviayu.testcases.TCGoogle@4e1977]" name="TCGoogle_Smoke_001" class="com.sylviayu.testcases.TCGoogle"/>
      </group> <!-- Google Page -->
      <group name="Regression">
        <method signature="TCGoogle.TCGoogle_Smoke_001()[pri:0, instance:com.sylviayu.testcases.TCGoogle@4e1977]" name="TCGoogle_Smoke_001" class="com.sylviayu.testcases.TCGoogle"/>
      </group> <!-- Regression -->
      <group name="Smoke">
        <method signature="TCGoogle.TCGoogle_Smoke_001()[pri:0, instance:com.sylviayu.testcases.TCGoogle@4e1977]" name="TCGoogle_Smoke_001" class="com.sylviayu.testcases.TCGoogle"/>
      </group> <!-- Smoke -->
    </groups>
    <test name="Test" duration-ms="11116" started-at="2018-10-05T16:02:59Z" finished-at="2018-10-05T16:03:10Z">
      <class name="com.sylviayu.testcases.TCGoogle">
        <test-method status="PASS" signature="beforeTest(java.lang.reflect.Method)[pri:0, instance:com.sylviayu.testcases.TCGoogle@4e1977]" name="beforeTest" is-config="true" duration-ms="6431" started-at="2018-10-05T12:02:59Z" description="Getting test Method Name" finished-at="2018-10-05T12:03:06Z">
          <params>
            <param index="0">
              <value>
                <![CDATA[public void com.sylviayu.testcases.TCGoogle.TCGoogle_Smoke_001() throws java.lang.Exception]]>
              </value>
            </param>
          </params>
          <reporter-output>
          </reporter-output>
        </test-method> <!-- beforeTest -->
        <test-method status="FAIL" signature="TCGoogle_Smoke_001()[pri:0, instance:com.sylviayu.testcases.TCGoogle@4e1977]" name="TCGoogle_Smoke_001" duration-ms="2914" started-at="2018-10-05T12:03:06Z" description="&lt;br&gt;verify login successfully:&lt;br&gt;" finished-at="2018-10-05T12:03:09Z">
          <exception class="org.openqa.selenium.WebDriverException">
            <message>
              <![CDATA[unknown error: Element <input value="Google Search" aria-label="Google Search" name="btnK" type="submit" jsaction="sf.chk"> is not clickable at point (763, 411). Other element would receive the click: <div class="sbqs_c">...</div>
  (Session info: chrome=69.0.3497.100)
  (Driver info: chromedriver=2.42.591088 (7b2b2dca23cca0862f674758c9a3933e685c27d5),platform=Windows NT 10.0.17134 x86_64) (WARNING: The server did not provide any stacktrace information)
Command duration or timeout: 83 milliseconds
Build info: version: '2.47.1', revision: 'unknown', time: '2015-07-30 11:02:44'
System info: host: 'DESKTOP-BTIPOCU', ip: '10.0.75.1', os.name: 'Windows 10', os.arch: 'x86', os.version: '10.0', java.version: '1.8.0_181'
Driver info: org.openqa.selenium.chrome.ChromeDriver
Capabilities [{mobileEmulationEnabled=false, hasTouchScreen=false, platform=XP, acceptSslCerts=false, goog:chromeOptions={debuggerAddress=localhost:55545}, acceptInsecureCerts=false, webStorageEnabled=true, browserName=chrome, takesScreenshot=true, javascriptEnabled=true, setWindowRect=true, unexpectedAlertBehaviour=, applicationCacheEnabled=false, rotatable=false, networkConnectionEnabled=false, chrome={chromedriverVersion=2.42.591088 (7b2b2dca23cca0862f674758c9a3933e685c27d5), userDataDir=C:\Users\Owner\AppData\Local\Temp\scoped_dir10552_6652}, takesHeapSnapshot=true, pageLoadStrategy=normal, databaseEnabled=false, handlesAlerts=true, version=69.0.3497.100, browserConnectionEnabled=false, nativeEvents=true, locationContextEnabled=true, cssSelectorsEnabled=true}]
Session ID: 0813c31072949615b3c56c4f0e64fe45]]>
            </message>
            <full-stacktrace>
              <![CDATA[org.openqa.selenium.WebDriverException: unknown error: Element <input value="Google Search" aria-label="Google Search" name="btnK" type="submit" jsaction="sf.chk"> is not clickable at point (763, 411). Other element would receive the click: <div class="sbqs_c">...</div>
  (Session info: chrome=69.0.3497.100)
  (Driver info: chromedriver=2.42.591088 (7b2b2dca23cca0862f674758c9a3933e685c27d5),platform=Windows NT 10.0.17134 x86_64) (WARNING: The server did not provide any stacktrace information)
Command duration or timeout: 83 milliseconds
Build info: version: '2.47.1', revision: 'unknown', time: '2015-07-30 11:02:44'
System info: host: 'DESKTOP-BTIPOCU', ip: '10.0.75.1', os.name: 'Windows 10', os.arch: 'x86', os.version: '10.0', java.version: '1.8.0_181'
Driver info: org.openqa.selenium.chrome.ChromeDriver
Capabilities [{mobileEmulationEnabled=false, hasTouchScreen=false, platform=XP, acceptSslCerts=false, goog:chromeOptions={debuggerAddress=localhost:55545}, acceptInsecureCerts=false, webStorageEnabled=true, browserName=chrome, takesScreenshot=true, javascriptEnabled=true, setWindowRect=true, unexpectedAlertBehaviour=, applicationCacheEnabled=false, rotatable=false, networkConnectionEnabled=false, chrome={chromedriverVersion=2.42.591088 (7b2b2dca23cca0862f674758c9a3933e685c27d5), userDataDir=C:\Users\Owner\AppData\Local\Temp\scoped_dir10552_6652}, takesHeapSnapshot=true, pageLoadStrategy=normal, databaseEnabled=false, handlesAlerts=true, version=69.0.3497.100, browserConnectionEnabled=false, nativeEvents=true, locationContextEnabled=true, cssSelectorsEnabled=true}]
Session ID: 0813c31072949615b3c56c4f0e64fe45
	at sun.reflect.NativeConstructorAccessorImpl.newInstance0(Native Method)
	at sun.reflect.NativeConstructorAccessorImpl.newInstance(Unknown Source)
	at sun.reflect.DelegatingConstructorAccessorImpl.newInstance(Unknown Source)
	at java.lang.reflect.Constructor.newInstance(Unknown Source)
	at org.openqa.selenium.remote.ErrorHandler.createThrowable(ErrorHandler.java:206)
	at org.openqa.selenium.remote.ErrorHandler.throwIfResponseFailed(ErrorHandler.java:158)
	at org.openqa.selenium.remote.RemoteWebDriver.execute(RemoteWebDriver.java:595)
	at org.openqa.selenium.remote.RemoteWebElement.execute(RemoteWebElement.java:273)
	at org.openqa.selenium.remote.RemoteWebElement.click(RemoteWebElement.java:84)
	at com.sylviayu.pages.WebPage.clickElement(WebPage.java:62)
	at com.sylviayu.pages.GooglePage.clickGoogleSearchButton(GooglePage.java:28)
	at com.sylviayu.testcases.TCGoogle.TCGoogle_Smoke_001(TCGoogle.java:28)
	at sun.reflect.NativeMethodAccessorImpl.invoke0(Native Method)
	at sun.reflect.NativeMethodAccessorImpl.invoke(Unknown Source)
	at sun.reflect.DelegatingMethodAccessorImpl.invoke(Unknown Source)
	at java.lang.reflect.Method.invoke(Unknown Source)
	at org.testng.internal.MethodInvocationHelper.invokeMethod(MethodInvocationHelper.java:84)
	at org.testng.internal.Invoker.invokeMethod(Invoker.java:714)
	at org.testng.internal.Invoker.invokeTestMethod(Invoker.java:901)
	at org.testng.internal.Invoker.invokeTestMethods(Invoker.java:1231)
	at org.testng.internal.TestMethodWorker.invokeTestMethods(TestMethodWorker.java:127)
	at org.testng.internal.TestMethodWorker.run(TestMethodWorker.java:111)
	at org.testng.TestRunner.privateRun(TestRunner.java:767)
	at org.testng.TestRunner.run(TestRunner.java:617)
	at org.testng.SuiteRunner.runTest(SuiteRunner.java:334)
	at org.testng.SuiteRunner.runSequentially(SuiteRunner.java:329)
	at org.testng.SuiteRunner.privateRun(SuiteRunner.java:291)
	at org.testng.SuiteRunner.run(SuiteRunner.java:240)
	at org.testng.SuiteRunnerWorker.runSuite(SuiteRunnerWorker.java:52)
	at org.testng.SuiteRunnerWorker.run(SuiteRunnerWorker.java:86)
	at org.testng.TestNG.runSuitesSequentially(TestNG.java:1224)
	at org.testng.TestNG.runSuitesLocally(TestNG.java:1149)
	at org.testng.TestNG.run(TestNG.java:1057)
	at org.testng.remote.AbstractRemoteTestNG.run(AbstractRemoteTestNG.java:114)
	at org.testng.remote.RemoteTestNG.initAndRun(RemoteTestNG.java:251)
	at org.testng.remote.RemoteTestNG.main(RemoteTestNG.java:77)
]]>
            </full-stacktrace>
          </exception> <!-- org.openqa.selenium.WebDriverException -->
          <reporter-output>
          </reporter-output>
        </test-method> <!-- TCGoogle_Smoke_001 -->
        <test-method status="PASS" signature="afterTest(java.lang.reflect.Method)[pri:0, instance:com.sylviayu.testcases.TCGoogle@4e1977]" name="afterTest" is-config="true" duration-ms="1735" started-at="2018-10-05T12:03:09Z" description="Tear Down method" finished-at="2018-10-05T12:03:10Z">
          <params>
            <param index="0">
              <value>
                <![CDATA[public void com.sylviayu.testcases.TCGoogle.TCGoogle_Smoke_001() throws java.lang.Exception]]>
              </value>
            </param>
          </params>
          <reporter-output>
          </reporter-output>
        </test-method> <!-- afterTest -->
      </class> <!-- com.sylviayu.testcases.TCGoogle -->
    </test> <!-- Test -->
  </suite> <!-- test suite -->
</testng-results>
